Added Component: Designator=P3(HDR1X10)
Add component (AddParameter): Name = "LatestRevisionDate"; Value = "17-Jul-2002"; VariantName = "[No Variations]"
Add component (AddParameter): Name = "LatestRevisionNote"; Value = "Re-released for DXP Platform."; VariantName = "[No Variations]"
Add component (AddParameter): Name = "Publisher"; Value = "Altium Limited"; VariantName = "[No Variations]"
Added Component: Designator=P4(HDR1X10)
Add component (AddParameter): Name = "LatestRevisionDate"; Value = "17-Jul-2002"; VariantName = "[No Variations]"
Add component (AddParameter): Name = "LatestRevisionNote"; Value = "Re-released for DXP Platform."; VariantName = "[No Variations]"
Add component (AddParameter): Name = "Publisher"; Value = "Altium Limited"; VariantName = "[No Variations]"
Added Pin To Net: NetName=D1 Pin=P3-1
Added Pin To Net: NetName=D1 Pin=P4-1
Added Net: Name=D1
Added Pin To Net: NetName=D2 Pin=P3-2
Added Pin To Net: NetName=D2 Pin=P4-2
Added Net: Name=D2
Added Pin To Net: NetName=D3 Pin=P3-3
Added Pin To Net: NetName=D3 Pin=P4-3
Added Net: Name=D3
Added Pin To Net: NetName=D4 Pin=P3-4
Added Pin To Net: NetName=D4 Pin=P4-4
Added Net: Name=D4
Added Pin To Net: NetName=D5 Pin=P3-5
Added Pin To Net: NetName=D5 Pin=P4-5
Added Net: Name=D5
Added Pin To Net: NetName=D6 Pin=P3-6
Added Pin To Net: NetName=D6 Pin=P4-6
Added Net: Name=D6
Added Pin To Net: NetName=D7 Pin=P3-7
Added Pin To Net: NetName=D7 Pin=P4-7
Added Net: Name=D7
Added Pin To Net: NetName=D8 Pin=P3-8
Added Pin To Net: NetName=D8 Pin=P4-8
Added Net: Name=D8
Added Pin To Net: NetName=D9 Pin=P3-9
Added Pin To Net: NetName=D9 Pin=P4-9
Added Net: Name=D9
Added Pin To Net: NetName=D10 Pin=P3-10
Added Pin To Net: NetName=D10 Pin=P4-10
Added Net: Name=D10
Added Class: Name=Data
Added Member To Class: ClassName=Delaytuning Member=Component P3 Header 10
Added Member To Class: ClassName=Delaytuning Member=Component P4 Header 10
Added Room: Name=Delaytuning
