Added Component: Designator=P1(HDR1X10)
Add component (AddParameter): Name = "LatestRevisionDate"; Value = "17-Jul-2002"; VariantName = "[No Variations]"
Add component (AddParameter): Name = "LatestRevisionNote"; Value = "Re-released for DXP Platform."; VariantName = "[No Variations]"
Add component (AddParameter): Name = "Publisher"; Value = "Altium Limited"; VariantName = "[No Variations]"
Added Component: Designator=P2(HDR1X10)
Add component (AddParameter): Name = "LatestRevisionDate"; Value = "17-Jul-2002"; VariantName = "[No Variations]"
Add component (AddParameter): Name = "LatestRevisionNote"; Value = "Re-released for DXP Platform."; VariantName = "[No Variations]"
Add component (AddParameter): Name = "Publisher"; Value = "Altium Limited"; VariantName = "[No Variations]"
Added Pin To Net: NetName=S1 Pin=P1-1
Added Pin To Net: NetName=S1 Pin=P2-1
Added Net: Name=S1
Added Pin To Net: NetName=S2 Pin=P1-2
Added Pin To Net: NetName=S2 Pin=P2-2
Added Net: Name=S2
Added Pin To Net: NetName=S3 Pin=P1-3
Added Pin To Net: NetName=S3 Pin=P2-3
Added Net: Name=S3
Added Pin To Net: NetName=S4 Pin=P1-4
Added Pin To Net: NetName=S4 Pin=P2-4
Added Net: Name=S4
Added Pin To Net: NetName=S5 Pin=P1-5
Added Pin To Net: NetName=S5 Pin=P2-5
Added Net: Name=S5
Added Pin To Net: NetName=S6 Pin=P1-6
Added Pin To Net: NetName=S6 Pin=P2-6
Added Net: Name=S6
Added Pin To Net: NetName=S7 Pin=P1-7
Added Pin To Net: NetName=S7 Pin=P2-7
Added Net: Name=S7
Added Pin To Net: NetName=S8 Pin=P1-8
Added Pin To Net: NetName=S8 Pin=P2-8
Added Net: Name=S8
Added Pin To Net: NetName=S9 Pin=P1-9
Added Pin To Net: NetName=S9 Pin=P2-9
Added Net: Name=S9
Added Pin To Net: NetName=S10 Pin=P1-10
Added Pin To Net: NetName=S10 Pin=P2-10
Added Net: Name=S10
Added Class: Name=Delaytuning
Added Class: Name=Signal
Added Room: Name=Delaytuning
